127.0.0.1
50816
33893
24
<feed xml:lang="en-US" xmlns="http://www.w3.org/2005/Atom">
	<title>My example feed</title>
	<subtitle>for demonstration purposes</subtitle>
	<link>www.cs.adelaide.edu.au</link>
	<updated>2015-08-07T18:30:02Z</updated>
	<author>
		<name>Santa Claus</name>
	</author>
	<id>urn::uuid:60a76c80-d399-11d9-b93C-0003939e0af6</id>
	<entry>
		<title>Nick sets assignment</title>
		<link>www.cs.adelaide.edu.au/users/third/ds/</link>
		<id>urn:uuid:1225c695-cfb8-4ebb-aaaa-80da344efa6a</id>
		<updated>2015-08-07T18:30:02Z</updated>
		<summary>here is some plain text. Because I'm not completely evil, you can assume that this will always be less than 1000 characters. And, as I've said before, it will always be plain text.</summary>
	</entry>
	<entry>
		<title>second feed entry</title>
		<link>www.cs.adelaide.edu.au/users/third/ds/14ds2s1</link>
		<id>urn:uuid:1225c695-cfb8-4ebb-aaaa-80da344efa6b</id>
		<updated>2015-08-07T18:29:02Z</updated>
		<summary>here's another summary entry which a reader would normally use to work out if they wanted to read some more. It's quite handy.</summary>
	</entry>
</feed>
127.0.0.1
51072
42141
24
<feed xml:lang="en-US" xmlns="http://www.w3.org/2005/Atom">
	<title>My example feed</title>
	<subtitle>for demonstration purposes</subtitle>
	<link>www.cs.adelaide.edu.au</link>
	<updated>2015-08-07T18:30:02Z</updated>
	<author>
		<name>Santa Claus</name>
	</author>
	<id>urn::uuid:60a76c80-d399-11d9-b93C-0003939e0af6</id>
	<entry>
		<title>Nick sets assignment</title>
		<link>www.cs.adelaide.edu.au/users/third/ds/</link>
		<id>urn:uuid:1225c695-cfb8-4ebb-aaaa-80da344efa6a</id>
		<updated>2015-08-07T18:30:02Z</updated>
		<summary>here is some plain text. Because I'm not completely evil, you can assume that this will always be less than 1000 characters. And, as I've said before, it will always be plain text.</summary>
	</entry>
	<entry>
		<title>second feed entry</title>
		<link>www.cs.adelaide.edu.au/users/third/ds/14ds2s1</link>
		<id>urn:uuid:1225c695-cfb8-4ebb-aaaa-80da344efa6b</id>
		<updated>2015-08-07T18:29:02Z</updated>
		<summary>here's another summary entry which a reader would normally use to work out if they wanted to read some more. It's quite handy.</summary>
	</entry>
</feed>
127.0.0.1
51456
40757
24
<feed xml:lang="en-US" xmlns="http://www.w3.org/2005/Atom">
	<title>My example feed</title>
	<subtitle>for demonstration purposes</subtitle>
	<link>www.cs.adelaide.edu.au</link>
	<updated>2015-08-07T18:30:02Z</updated>
	<author>
		<name>Santa Claus</name>
	</author>
	<id>urn::uuid:60a76c80-d399-11d9-b93C-0003939e0af6</id>
	<entry>
		<title>Nick sets assignment</title>
		<link>www.cs.adelaide.edu.au/users/third/ds/</link>
		<id>urn:uuid:1225c695-cfb8-4ebb-aaaa-80da344efa6a</id>
		<updated>2015-08-07T18:30:02Z</updated>
		<summary>here is some plain text. Because I'm not completely evil, you can assume that this will always be less than 1000 characters. And, as I've said before, it will always be plain text.</summary>
	</entry>
	<entry>
		<title>second feed entry</title>
		<link>www.cs.adelaide.edu.au/users/third/ds/14ds2s1</link>
		<id>urn:uuid:1225c695-cfb8-4ebb-aaaa-80da344efa6b</id>
		<updated>2015-08-07T18:29:02Z</updated>
		<summary>here's another summary entry which a reader would normally use to work out if they wanted to read some more. It's quite handy.</summary>
	</entry>
</feed>
127.0.0.1
50946
44649
24
<feed xml:lang="en-US" xmlns="http://www.w3.org/2005/Atom">
	<title>My example feed</title>
	<subtitle>for demonstration purposes</subtitle>
	<link>www.cs.adelaide.edu.au</link>
	<updated>2015-08-07T18:30:02Z</updated>
	<author>
		<name>Santa Claus</name>
	</author>
	<id>urn::uuid:60a76c80-d399-11d9-b93C-0003939e0af6</id>
	<entry>
		<title>Nick sets assignment</title>
		<link>www.cs.adelaide.edu.au/users/third/ds/</link>
		<id>urn:uuid:1225c695-cfb8-4ebb-aaaa-80da344efa6a</id>
		<updated>2015-08-07T18:30:02Z</updated>
		<summary>here is some plain text. Because I'm not completely evil, you can assume that this will always be less than 1000 characters. And, as I've said before, it will always be plain text.</summary>
	</entry>
	<entry>
		<title>second feed entry</title>
		<link>www.cs.adelaide.edu.au/users/third/ds/14ds2s1</link>
		<id>urn:uuid:1225c695-cfb8-4ebb-aaaa-80da344efa6b</id>
		<updated>2015-08-07T18:29:02Z</updated>
		<summary>here's another summary entry which a reader would normally use to work out if they wanted to read some more. It's quite handy.</summary>
	</entry>
</feed>
127.0.0.1
51076
42309
24
<feed xml:lang="en-US" xmlns="http://www.w3.org/2005/Atom">
	<title>My example feed</title>
	<subtitle>for demonstration purposes</subtitle>
	<link>www.cs.adelaide.edu.au</link>
	<updated>2015-08-07T18:30:02Z</updated>
	<author>
		<name>Santa Claus</name>
	</author>
	<id>urn::uuid:60a76c80-d399-11d9-b93C-0003939e0af6</id>
	<entry>
		<title>Nick sets assignment</title>
		<link>www.cs.adelaide.edu.au/users/third/ds/</link>
		<id>urn:uuid:1225c695-cfb8-4ebb-aaaa-80da344efa6a</id>
		<updated>2015-08-07T18:30:02Z</updated>
		<summary>here is some plain text. Because I'm not completely evil, you can assume that this will always be less than 1000 characters. And, as I've said before, it will always be plain text.</summary>
	</entry>
	<entry>
		<title>second feed entry</title>
		<link>www.cs.adelaide.edu.au/users/third/ds/14ds2s1</link>
		<id>urn:uuid:1225c695-cfb8-4ebb-aaaa-80da344efa6b</id>
		<updated>2015-08-07T18:29:02Z</updated>
		<summary>here's another summary entry which a reader would normally use to work out if they wanted to read some more. It's quite handy.</summary>
	</entry>
</feed>
127.0.0.1
50822
42135
24
<feed xml:lang="en-US" xmlns="http://www.w3.org/2005/Atom">
	<title>My example feed</title>
	<subtitle>for demonstration purposes</subtitle>
	<link>www.cs.adelaide.edu.au</link>
	<updated>2015-08-07T18:30:02Z</updated>
	<author>
		<name>Santa Claus</name>
	</author>
	<id>urn::uuid:60a76c80-d399-11d9-b93C-0003939e0af6</id>
	<entry>
		<title>Nick sets assignment</title>
		<link>www.cs.adelaide.edu.au/users/third/ds/</link>
		<id>urn:uuid:1225c695-cfb8-4ebb-aaaa-80da344efa6a</id>
		<updated>2015-08-07T18:30:02Z</updated>
		<summary>here is some plain text. Because I'm not completely evil, you can assume that this will always be less than 1000 characters. And, as I've said before, it will always be plain text.</summary>
	</entry>
	<entry>
		<title>second feed entry</title>
		<link>www.cs.adelaide.edu.au/users/third/ds/14ds2s1</link>
		<id>urn:uuid:1225c695-cfb8-4ebb-aaaa-80da344efa6b</id>
		<updated>2015-08-07T18:29:02Z</updated>
		<summary>here's another summary entry which a reader would normally use to work out if they wanted to read some more. It's quite handy.</summary>
	</entry>
</feed>
127.0.0.1
50950
34915
24
<feed xml:lang="en-US" xmlns="http://www.w3.org/2005/Atom">
	<title>My example feed</title>
	<subtitle>for demonstration purposes</subtitle>
	<link>www.cs.adelaide.edu.au</link>
	<updated>2015-08-07T18:30:02Z</updated>
	<author>
		<name>Santa Claus</name>
	</author>
	<id>urn::uuid:60a76c80-d399-11d9-b93C-0003939e0af6</id>
	<entry>
		<title>Nick sets assignment</title>
		<link>www.cs.adelaide.edu.au/users/third/ds/</link>
		<id>urn:uuid:1225c695-cfb8-4ebb-aaaa-80da344efa6a</id>
		<updated>2015-08-07T18:30:02Z</updated>
		<summary>here is some plain text. Because I'm not completely evil, you can assume that this will always be less than 1000 characters. And, as I've said before, it will always be plain text.</summary>
	</entry>
	<entry>
		<title>second feed entry</title>
		<link>www.cs.adelaide.edu.au/users/third/ds/14ds2s1</link>
		<id>urn:uuid:1225c695-cfb8-4ebb-aaaa-80da344efa6b</id>
		<updated>2015-08-07T18:29:02Z</updated>
		<summary>here's another summary entry which a reader would normally use to work out if they wanted to read some more. It's quite handy.</summary>
	</entry>
</feed>
127.0.0.1
51078
46811
24
<feed xml:lang="en-US" xmlns="http://www.w3.org/2005/Atom">
	<title>My example feed</title>
	<subtitle>for demonstration purposes</subtitle>
	<link>www.cs.adelaide.edu.au</link>
	<updated>2015-08-07T18:30:02Z</updated>
	<author>
		<name>Santa Claus</name>
	</author>
	<id>urn::uuid:60a76c80-d399-11d9-b93C-0003939e0af6</id>
	<entry>
		<title>Nick sets assignment</title>
		<link>www.cs.adelaide.edu.au/users/third/ds/</link>
		<id>urn:uuid:1225c695-cfb8-4ebb-aaaa-80da344efa6a</id>
		<updated>2015-08-07T18:30:02Z</updated>
		<summary>here is some plain text. Because I'm not completely evil, you can assume that this will always be less than 1000 characters. And, as I've said before, it will always be plain text.</summary>
	</entry>
	<entry>
		<title>second feed entry</title>
		<link>www.cs.adelaide.edu.au/users/third/ds/14ds2s1</link>
		<id>urn:uuid:1225c695-cfb8-4ebb-aaaa-80da344efa6b</id>
		<updated>2015-08-07T18:29:02Z</updated>
		<summary>here's another summary entry which a reader would normally use to work out if they wanted to read some more. It's quite handy.</summary>
	</entry>
</feed>
127.0.0.1
50952
35183
24
<feed xml:lang="en-US" xmlns="http://www.w3.org/2005/Atom">
	<title>My example feed</title>
	<subtitle>for demonstration purposes</subtitle>
	<link>www.cs.adelaide.edu.au</link>
	<updated>2015-08-07T18:30:02Z</updated>
	<author>
		<name>Santa Claus</name>
	</author>
	<id>urn::uuid:60a76c80-d399-11d9-b93C-0003939e0af6</id>
	<entry>
		<title>Nick sets assignment</title>
		<link>www.cs.adelaide.edu.au/users/third/ds/</link>
		<id>urn:uuid:1225c695-cfb8-4ebb-aaaa-80da344efa6a</id>
		<updated>2015-08-07T18:30:02Z</updated>
		<summary>here is some plain text. Because I'm not completely evil, you can assume that this will always be less than 1000 characters. And, as I've said before, it will always be plain text.</summary>
	</entry>
	<entry>
		<title>second feed entry</title>
		<link>www.cs.adelaide.edu.au/users/third/ds/14ds2s1</link>
		<id>urn:uuid:1225c695-cfb8-4ebb-aaaa-80da344efa6b</id>
		<updated>2015-08-07T18:29:02Z</updated>
		<summary>here's another summary entry which a reader would normally use to work out if they wanted to read some more. It's quite handy.</summary>
	</entry>
</feed>
127.0.0.1
50954
40891
24
<feed xml:lang="en-US" xmlns="http://www.w3.org/2005/Atom">
	<title>My example feed</title>
	<subtitle>for demonstration purposes</subtitle>
	<link>www.cs.adelaide.edu.au</link>
	<updated>2015-08-07T18:30:02Z</updated>
	<author>
		<name>Santa Claus</name>
	</author>
	<id>urn::uuid:60a76c80-d399-11d9-b93C-0003939e0af6</id>
	<entry>
		<title>Nick sets assignment</title>
		<link>www.cs.adelaide.edu.au/users/third/ds/</link>
		<id>urn:uuid:1225c695-cfb8-4ebb-aaaa-80da344efa6a</id>
		<updated>2015-08-07T18:30:02Z</updated>
		<summary>here is some plain text. Because I'm not completely evil, you can assume that this will always be less than 1000 characters. And, as I've said before, it will always be plain text.</summary>
	</entry>
	<entry>
		<title>second feed entry</title>
		<link>www.cs.adelaide.edu.au/users/third/ds/14ds2s1</link>
		<id>urn:uuid:1225c695-cfb8-4ebb-aaaa-80da344efa6b</id>
		<updated>2015-08-07T18:29:02Z</updated>
		<summary>here's another summary entry which a reader would normally use to work out if they wanted to read some more. It's quite handy.</summary>
	</entry>
</feed>
127.0.0.1
50828
35557
24
<feed xml:lang="en-US" xmlns="http://www.w3.org/2005/Atom">
	<title>My example feed</title>
	<subtitle>for demonstration purposes</subtitle>
	<link>www.cs.adelaide.edu.au</link>
	<updated>2015-08-07T18:30:02Z</updated>
	<author>
		<name>Santa Claus</name>
	</author>
	<id>urn::uuid:60a76c80-d399-11d9-b93C-0003939e0af6</id>
	<entry>
		<title>Nick sets assignment</title>
		<link>www.cs.adelaide.edu.au/users/third/ds/</link>
		<id>urn:uuid:1225c695-cfb8-4ebb-aaaa-80da344efa6a</id>
		<updated>2015-08-07T18:30:02Z</updated>
		<summary>here is some plain text. Because I'm not completely evil, you can assume that this will always be less than 1000 characters. And, as I've said before, it will always be plain text.</summary>
	</entry>
	<entry>
		<title>second feed entry</title>
		<link>www.cs.adelaide.edu.au/users/third/ds/14ds2s1</link>
		<id>urn:uuid:1225c695-cfb8-4ebb-aaaa-80da344efa6b</id>
		<updated>2015-08-07T18:29:02Z</updated>
		<summary>here's another summary entry which a reader would normally use to work out if they wanted to read some more. It's quite handy.</summary>
	</entry>
</feed>
127.0.0.1
51472
38951
24
<feed xml:lang="en-US" xmlns="http://www.w3.org/2005/Atom">
	<title>My example feed</title>
	<subtitle>for demonstration purposes</subtitle>
	<link>www.cs.adelaide.edu.au</link>
	<updated>2015-08-07T18:30:02Z</updated>
	<author>
		<name>Santa Claus</name>
	</author>
	<id>urn::uuid:60a76c80-d399-11d9-b93C-0003939e0af6</id>
	<entry>
		<title>Nick sets assignment</title>
		<link>www.cs.adelaide.edu.au/users/third/ds/</link>
		<id>urn:uuid:1225c695-cfb8-4ebb-aaaa-80da344efa6a</id>
		<updated>2015-08-07T18:30:02Z</updated>
		<summary>here is some plain text. Because I'm not completely evil, you can assume that this will always be less than 1000 characters. And, as I've said before, it will always be plain text.</summary>
	</entry>
	<entry>
		<title>second feed entry</title>
		<link>www.cs.adelaide.edu.au/users/third/ds/14ds2s1</link>
		<id>urn:uuid:1225c695-cfb8-4ebb-aaaa-80da344efa6b</id>
		<updated>2015-08-07T18:29:02Z</updated>
		<summary>here's another summary entry which a reader would normally use to work out if they wanted to read some more. It's quite handy.</summary>
	</entry>
</feed>
127.0.0.1
51474
38985
24
<feed xml:lang="en-US" xmlns="http://www.w3.org/2005/Atom">
	<title>My example feed</title>
	<subtitle>for demonstration purposes</subtitle>
	<link>www.cs.adelaide.edu.au</link>
	<updated>2015-08-07T18:30:02Z</updated>
	<author>
		<name>Santa Claus</name>
	</author>
	<id>urn::uuid:60a76c80-d399-11d9-b93C-0003939e0af6</id>
	<entry>
		<title>Nick sets assignment</title>
		<link>www.cs.adelaide.edu.au/users/third/ds/</link>
		<id>urn:uuid:1225c695-cfb8-4ebb-aaaa-80da344efa6a</id>
		<updated>2015-08-07T18:30:02Z</updated>
		<summary>here is some plain text. Because I'm not completely evil, you can assume that this will always be less than 1000 characters. And, as I've said before, it will always be plain text.</summary>
	</entry>
	<entry>
		<title>second feed entry</title>
		<link>www.cs.adelaide.edu.au/users/third/ds/14ds2s1</link>
		<id>urn:uuid:1225c695-cfb8-4ebb-aaaa-80da344efa6b</id>
		<updated>2015-08-07T18:29:02Z</updated>
		<summary>here's another summary entry which a reader would normally use to work out if they wanted to read some more. It's quite handy.</summary>
	</entry>
</feed>
127.0.0.1
50966
44049
24
<feed xml:lang="en-US" xmlns="http://www.w3.org/2005/Atom">
	<title>My example feed</title>
	<subtitle>for demonstration purposes</subtitle>
	<link>www.cs.adelaide.edu.au</link>
	<updated>2015-08-07T18:30:02Z</updated>
	<author>
		<name>Santa Claus</name>
	</author>
	<id>urn::uuid:60a76c80-d399-11d9-b93C-0003939e0af6</id>
	<entry>
		<title>Nick sets assignment</title>
		<link>www.cs.adelaide.edu.au/users/third/ds/</link>
		<id>urn:uuid:1225c695-cfb8-4ebb-aaaa-80da344efa6a</id>
		<updated>2015-08-07T18:30:02Z</updated>
		<summary>here is some plain text. Because I'm not completely evil, you can assume that this will always be less than 1000 characters. And, as I've said before, it will always be plain text.</summary>
	</entry>
	<entry>
		<title>second feed entry</title>
		<link>www.cs.adelaide.edu.au/users/third/ds/14ds2s1</link>
		<id>urn:uuid:1225c695-cfb8-4ebb-aaaa-80da344efa6b</id>
		<updated>2015-08-07T18:29:02Z</updated>
		<summary>here's another summary entry which a reader would normally use to work out if they wanted to read some more. It's quite handy.</summary>
	</entry>
</feed>
127.0.0.1
50840
39421
24
<feed xml:lang="en-US" xmlns="http://www.w3.org/2005/Atom">
	<title>My example feed</title>
	<subtitle>for demonstration purposes</subtitle>
	<link>www.cs.adelaide.edu.au</link>
	<updated>2015-08-07T18:30:02Z</updated>
	<author>
		<name>Santa Claus</name>
	</author>
	<id>urn::uuid:60a76c80-d399-11d9-b93C-0003939e0af6</id>
	<entry>
		<title>Nick sets assignment</title>
		<link>www.cs.adelaide.edu.au/users/third/ds/</link>
		<id>urn:uuid:1225c695-cfb8-4ebb-aaaa-80da344efa6a</id>
		<updated>2015-08-07T18:30:02Z</updated>
		<summary>here is some plain text. Because I'm not completely evil, you can assume that this will always be less than 1000 characters. And, as I've said before, it will always be plain text.</summary>
	</entry>
	<entry>
		<title>second feed entry</title>
		<link>www.cs.adelaide.edu.au/users/third/ds/14ds2s1</link>
		<id>urn:uuid:1225c695-cfb8-4ebb-aaaa-80da344efa6b</id>
		<updated>2015-08-07T18:29:02Z</updated>
		<summary>here's another summary entry which a reader would normally use to work out if they wanted to read some more. It's quite handy.</summary>
	</entry>
</feed>
127.0.0.1
50968
34425
24
<feed xml:lang="en-US" xmlns="http://www.w3.org/2005/Atom">
	<title>My example feed</title>
	<subtitle>for demonstration purposes</subtitle>
	<link>www.cs.adelaide.edu.au</link>
	<updated>2015-08-07T18:30:02Z</updated>
	<author>
		<name>Santa Claus</name>
	</author>
	<id>urn::uuid:60a76c80-d399-11d9-b93C-0003939e0af6</id>
	<entry>
		<title>Nick sets assignment</title>
		<link>www.cs.adelaide.edu.au/users/third/ds/</link>
		<id>urn:uuid:1225c695-cfb8-4ebb-aaaa-80da344efa6a</id>
		<updated>2015-08-07T18:30:02Z</updated>
		<summary>here is some plain text. Because I'm not completely evil, you can assume that this will always be less than 1000 characters. And, as I've said before, it will always be plain text.</summary>
	</entry>
	<entry>
		<title>second feed entry</title>
		<link>www.cs.adelaide.edu.au/users/third/ds/14ds2s1</link>
		<id>urn:uuid:1225c695-cfb8-4ebb-aaaa-80da344efa6b</id>
		<updated>2015-08-07T18:29:02Z</updated>
		<summary>here's another summary entry which a reader would normally use to work out if they wanted to read some more. It's quite handy.</summary>
	</entry>
</feed>
127.0.0.1
50970
34305
24
<feed xml:lang="en-US" xmlns="http://www.w3.org/2005/Atom">
	<title>My example feed</title>
	<subtitle>for demonstration purposes</subtitle>
	<link>www.cs.adelaide.edu.au</link>
	<updated>2015-08-07T18:30:02Z</updated>
	<author>
		<name>Santa Claus</name>
	</author>
	<id>urn::uuid:60a76c80-d399-11d9-b93C-0003939e0af6</id>
	<entry>
		<title>Nick sets assignment</title>
		<link>www.cs.adelaide.edu.au/users/third/ds/</link>
		<id>urn:uuid:1225c695-cfb8-4ebb-aaaa-80da344efa6a</id>
		<updated>2015-08-07T18:30:02Z</updated>
		<summary>here is some plain text. Because I'm not completely evil, you can assume that this will always be less than 1000 characters. And, as I've said before, it will always be plain text.</summary>
	</entry>
	<entry>
		<title>second feed entry</title>
		<link>www.cs.adelaide.edu.au/users/third/ds/14ds2s1</link>
		<id>urn:uuid:1225c695-cfb8-4ebb-aaaa-80da344efa6b</id>
		<updated>2015-08-07T18:29:02Z</updated>
		<summary>here's another summary entry which a reader would normally use to work out if they wanted to read some more. It's quite handy.</summary>
	</entry>
</feed>
127.0.0.1
51486
41089
24
<feed xml:lang="en-US" xmlns="http://www.w3.org/2005/Atom">
	<title>My example feed</title>
	<subtitle>for demonstration purposes</subtitle>
	<link>www.cs.adelaide.edu.au</link>
	<updated>2015-08-07T18:30:02Z</updated>
	<author>
		<name>Santa Claus</name>
	</author>
	<id>urn::uuid:60a76c80-d399-11d9-b93C-0003939e0af6</id>
	<entry>
		<title>Nick sets assignment</title>
		<link>www.cs.adelaide.edu.au/users/third/ds/</link>
		<id>urn:uuid:1225c695-cfb8-4ebb-aaaa-80da344efa6a</id>
		<updated>2015-08-07T18:30:02Z</updated>
		<summary>here is some plain text. Because I'm not completely evil, you can assume that this will always be less than 1000 characters. And, as I've said before, it will always be plain text.</summary>
	</entry>
	<entry>
		<title>second feed entry</title>
		<link>www.cs.adelaide.edu.au/users/third/ds/14ds2s1</link>
		<id>urn:uuid:1225c695-cfb8-4ebb-aaaa-80da344efa6b</id>
		<updated>2015-08-07T18:29:02Z</updated>
		<summary>here's another summary entry which a reader would normally use to work out if they wanted to read some more. It's quite handy.</summary>
	</entry>
</feed>
127.0.0.1
51490
40103
24
<feed xml:lang="en-US" xmlns="http://www.w3.org/2005/Atom">
	<title>My example feed</title>
	<subtitle>for demonstration purposes</subtitle>
	<link>www.cs.adelaide.edu.au</link>
	<updated>2015-08-07T18:30:02Z</updated>
	<author>
		<name>Santa Claus</name>
	</author>
	<id>urn::uuid:60a76c80-d399-11d9-b93C-0003939e0af6</id>
	<entry>
		<title>Nick sets assignment</title>
		<link>www.cs.adelaide.edu.au/users/third/ds/</link>
		<id>urn:uuid:1225c695-cfb8-4ebb-aaaa-80da344efa6a</id>
		<updated>2015-08-07T18:30:02Z</updated>
		<summary>here is some plain text. Because I'm not completely evil, you can assume that this will always be less than 1000 characters. And, as I've said before, it will always be plain text.</summary>
	</entry>
	<entry>
		<title>second feed entry</title>
		<link>www.cs.adelaide.edu.au/users/third/ds/14ds2s1</link>
		<id>urn:uuid:1225c695-cfb8-4ebb-aaaa-80da344efa6b</id>
		<updated>2015-08-07T18:29:02Z</updated>
		<summary>here's another summary entry which a reader would normally use to work out if they wanted to read some more. It's quite handy.</summary>
	</entry>
</feed>
127.0.0.1
51618
39809
24
<feed xml:lang="en-US" xmlns="http://www.w3.org/2005/Atom">
	<title>My example feed</title>
	<subtitle>for demonstration purposes</subtitle>
	<link>www.cs.adelaide.edu.au</link>
	<updated>2015-08-07T18:30:02Z</updated>
	<author>
		<name>Santa Claus</name>
	</author>
	<id>urn::uuid:60a76c80-d399-11d9-b93C-0003939e0af6</id>
	<entry>
		<title>Nick sets assignment</title>
		<link>www.cs.adelaide.edu.au/users/third/ds/</link>
		<id>urn:uuid:1225c695-cfb8-4ebb-aaaa-80da344efa6a</id>
		<updated>2015-08-07T18:30:02Z</updated>
		<summary>here is some plain text. Because I'm not completely evil, you can assume that this will always be less than 1000 characters. And, as I've said before, it will always be plain text.</summary>
	</entry>
	<entry>
		<title>second feed entry</title>
		<link>www.cs.adelaide.edu.au/users/third/ds/14ds2s1</link>
		<id>urn:uuid:1225c695-cfb8-4ebb-aaaa-80da344efa6b</id>
		<updated>2015-08-07T18:29:02Z</updated>
		<summary>here's another summary entry which a reader would normally use to work out if they wanted to read some more. It's quite handy.</summary>
	</entry>
</feed>
127.0.0.1
51620
42341
24
<feed xml:lang="en-US" xmlns="http://www.w3.org/2005/Atom">
	<title>My example feed</title>
	<subtitle>for demonstration purposes</subtitle>
	<link>www.cs.adelaide.edu.au</link>
	<updated>2015-08-07T18:30:02Z</updated>
	<author>
		<name>Santa Claus</name>
	</author>
	<id>urn::uuid:60a76c80-d399-11d9-b93C-0003939e0af6</id>
	<entry>
		<title>Nick sets assignment</title>
		<link>www.cs.adelaide.edu.au/users/third/ds/</link>
		<id>urn:uuid:1225c695-cfb8-4ebb-aaaa-80da344efa6a</id>
		<updated>2015-08-07T18:30:02Z</updated>
		<summary>here is some plain text. Because I'm not completely evil, you can assume that this will always be less than 1000 characters. And, as I've said before, it will always be plain text.</summary>
	</entry>
	<entry>
		<title>second feed entry</title>
		<link>www.cs.adelaide.edu.au/users/third/ds/14ds2s1</link>
		<id>urn:uuid:1225c695-cfb8-4ebb-aaaa-80da344efa6b</id>
		<updated>2015-08-07T18:29:02Z</updated>
		<summary>here's another summary entry which a reader would normally use to work out if they wanted to read some more. It's quite handy.</summary>
	</entry>
</feed>
127.0.0.1
51622
44421
24
<feed xml:lang="en-US" xmlns="http://www.w3.org/2005/Atom">
	<title>My example feed</title>
	<subtitle>for demonstration purposes</subtitle>
	<link>www.cs.adelaide.edu.au</link>
	<updated>2015-08-07T18:30:02Z</updated>
	<author>
		<name>Santa Claus</name>
	</author>
	<id>urn::uuid:60a76c80-d399-11d9-b93C-0003939e0af6</id>
	<entry>
		<title>Nick sets assignment</title>
		<link>www.cs.adelaide.edu.au/users/third/ds/</link>
		<id>urn:uuid:1225c695-cfb8-4ebb-aaaa-80da344efa6a</id>
		<updated>2015-08-07T18:30:02Z</updated>
		<summary>here is some plain text. Because I'm not completely evil, you can assume that this will always be less than 1000 characters. And, as I've said before, it will always be plain text.</summary>
	</entry>
	<entry>
		<title>second feed entry</title>
		<link>www.cs.adelaide.edu.au/users/third/ds/14ds2s1</link>
		<id>urn:uuid:1225c695-cfb8-4ebb-aaaa-80da344efa6b</id>
		<updated>2015-08-07T18:29:02Z</updated>
		<summary>here's another summary entry which a reader would normally use to work out if they wanted to read some more. It's quite handy.</summary>
	</entry>
</feed>
127.0.0.1
50986
43565
24
<feed xml:lang="en-US" xmlns="http://www.w3.org/2005/Atom">
	<title>My example feed</title>
	<subtitle>for demonstration purposes</subtitle>
	<link>www.cs.adelaide.edu.au</link>
	<updated>2015-08-07T18:30:02Z</updated>
	<author>
		<name>Santa Claus</name>
	</author>
	<id>urn::uuid:60a76c80-d399-11d9-b93C-0003939e0af6</id>
	<entry>
		<title>Nick sets assignment</title>
		<link>www.cs.adelaide.edu.au/users/third/ds/</link>
		<id>urn:uuid:1225c695-cfb8-4ebb-aaaa-80da344efa6a</id>
		<updated>2015-08-07T18:30:02Z</updated>
		<summary>here is some plain text. Because I'm not completely evil, you can assume that this will always be less than 1000 characters. And, as I've said before, it will always be plain text.</summary>
	</entry>
	<entry>
		<title>second feed entry</title>
		<link>www.cs.adelaide.edu.au/users/third/ds/14ds2s1</link>
		<id>urn:uuid:1225c695-cfb8-4ebb-aaaa-80da344efa6b</id>
		<updated>2015-08-07T18:29:02Z</updated>
		<summary>here's another summary entry which a reader would normally use to work out if they wanted to read some more. It's quite handy.</summary>
	</entry>
</feed>
127.0.0.1
51498
45489
24
<feed xml:lang="en-US" xmlns="http://www.w3.org/2005/Atom">
	<title>My example feed</title>
	<subtitle>for demonstration purposes</subtitle>
	<link>www.cs.adelaide.edu.au</link>
	<updated>2015-08-07T18:30:02Z</updated>
	<author>
		<name>Santa Claus</name>
	</author>
	<id>urn::uuid:60a76c80-d399-11d9-b93C-0003939e0af6</id>
	<entry>
		<title>Nick sets assignment</title>
		<link>www.cs.adelaide.edu.au/users/third/ds/</link>
		<id>urn:uuid:1225c695-cfb8-4ebb-aaaa-80da344efa6a</id>
		<updated>2015-08-07T18:30:02Z</updated>
		<summary>here is some plain text. Because I'm not completely evil, you can assume that this will always be less than 1000 characters. And, as I've said before, it will always be plain text.</summary>
	</entry>
	<entry>
		<title>second feed entry</title>
		<link>www.cs.adelaide.edu.au/users/third/ds/14ds2s1</link>
		<id>urn:uuid:1225c695-cfb8-4ebb-aaaa-80da344efa6b</id>
		<updated>2015-08-07T18:29:02Z</updated>
		<summary>here's another summary entry which a reader would normally use to work out if they wanted to read some more. It's quite handy.</summary>
	</entry>
</feed>
127.0.0.1
51626
34055
24
<feed xml:lang="en-US" xmlns="http://www.w3.org/2005/Atom">
	<title>My example feed</title>
	<subtitle>for demonstration purposes</subtitle>
	<link>www.cs.adelaide.edu.au</link>
	<updated>2015-08-07T18:30:02Z</updated>
	<author>
		<name>Santa Claus</name>
	</author>
	<id>urn::uuid:60a76c80-d399-11d9-b93C-0003939e0af6</id>
	<entry>
		<title>Nick sets assignment</title>
		<link>www.cs.adelaide.edu.au/users/third/ds/</link>
		<id>urn:uuid:1225c695-cfb8-4ebb-aaaa-80da344efa6a</id>
		<updated>2015-08-07T18:30:02Z</updated>
		<summary>here is some plain text. Because I'm not completely evil, you can assume that this will always be less than 1000 characters. And, as I've said before, it will always be plain text.</summary>
	</entry>
	<entry>
		<title>second feed entry</title>
		<link>www.cs.adelaide.edu.au/users/third/ds/14ds2s1</link>
		<id>urn:uuid:1225c695-cfb8-4ebb-aaaa-80da344efa6b</id>
		<updated>2015-08-07T18:29:02Z</updated>
		<summary>here's another summary entry which a reader would normally use to work out if they wanted to read some more. It's quite handy.</summary>
	</entry>
</feed>
127.0.0.1
51500
38237
24
<feed xml:lang="en-US" xmlns="http://www.w3.org/2005/Atom">
	<title>My example feed</title>
	<subtitle>for demonstration purposes</subtitle>
	<link>www.cs.adelaide.edu.au</link>
	<updated>2015-08-07T18:30:02Z</updated>
	<author>
		<name>Santa Claus</name>
	</author>
	<id>urn::uuid:60a76c80-d399-11d9-b93C-0003939e0af6</id>
	<entry>
		<title>Nick sets assignment</title>
		<link>www.cs.adelaide.edu.au/users/third/ds/</link>
		<id>urn:uuid:1225c695-cfb8-4ebb-aaaa-80da344efa6a</id>
		<updated>2015-08-07T18:30:02Z</updated>
		<summary>here is some plain text. Because I'm not completely evil, you can assume that this will always be less than 1000 characters. And, as I've said before, it will always be plain text.</summary>
	</entry>
	<entry>
		<title>second feed entry</title>
		<link>www.cs.adelaide.edu.au/users/third/ds/14ds2s1</link>
		<id>urn:uuid:1225c695-cfb8-4ebb-aaaa-80da344efa6b</id>
		<updated>2015-08-07T18:29:02Z</updated>
		<summary>here's another summary entry which a reader would normally use to work out if they wanted to read some more. It's quite handy.</summary>
	</entry>
</feed>
127.0.0.1
50990
39947
24
<feed xml:lang="en-US" xmlns="http://www.w3.org/2005/Atom">
	<title>My example feed</title>
	<subtitle>for demonstration purposes</subtitle>
	<link>www.cs.adelaide.edu.au</link>
	<updated>2015-08-07T18:30:02Z</updated>
	<author>
		<name>Santa Claus</name>
	</author>
	<id>urn::uuid:60a76c80-d399-11d9-b93C-0003939e0af6</id>
	<entry>
		<title>Nick sets assignment</title>
		<link>www.cs.adelaide.edu.au/users/third/ds/</link>
		<id>urn:uuid:1225c695-cfb8-4ebb-aaaa-80da344efa6a</id>
		<updated>2015-08-07T18:30:02Z</updated>
		<summary>here is some plain text. Because I'm not completely evil, you can assume that this will always be less than 1000 characters. And, as I've said before, it will always be plain text.</summary>
	</entry>
	<entry>
		<title>second feed entry</title>
		<link>www.cs.adelaide.edu.au/users/third/ds/14ds2s1</link>
		<id>urn:uuid:1225c695-cfb8-4ebb-aaaa-80da344efa6b</id>
		<updated>2015-08-07T18:29:02Z</updated>
		<summary>here's another summary entry which a reader would normally use to work out if they wanted to read some more. It's quite handy.</summary>
	</entry>
</feed>
127.0.0.1
51630
45259
24
<feed xml:lang="en-US" xmlns="http://www.w3.org/2005/Atom">
	<title>My example feed</title>
	<subtitle>for demonstration purposes</subtitle>
	<link>www.cs.adelaide.edu.au</link>
	<updated>2015-08-07T18:30:02Z</updated>
	<author>
		<name>Santa Claus</name>
	</author>
	<id>urn::uuid:60a76c80-d399-11d9-b93C-0003939e0af6</id>
	<entry>
		<title>Nick sets assignment</title>
		<link>www.cs.adelaide.edu.au/users/third/ds/</link>
		<id>urn:uuid:1225c695-cfb8-4ebb-aaaa-80da344efa6a</id>
		<updated>2015-08-07T18:30:02Z</updated>
		<summary>here is some plain text. Because I'm not completely evil, you can assume that this will always be less than 1000 characters. And, as I've said before, it will always be plain text.</summary>
	</entry>
	<entry>
		<title>second feed entry</title>
		<link>www.cs.adelaide.edu.au/users/third/ds/14ds2s1</link>
		<id>urn:uuid:1225c695-cfb8-4ebb-aaaa-80da344efa6b</id>
		<updated>2015-08-07T18:29:02Z</updated>
		<summary>here's another summary entry which a reader would normally use to work out if they wanted to read some more. It's quite handy.</summary>
	</entry>
</feed>
127.0.0.1
51504
44387
24
<feed xml:lang="en-US" xmlns="http://www.w3.org/2005/Atom">
	<title>My example feed</title>
	<subtitle>for demonstration purposes</subtitle>
	<link>www.cs.adelaide.edu.au</link>
	<updated>2015-08-07T18:30:02Z</updated>
	<author>
		<name>Santa Claus</name>
	</author>
	<id>urn::uuid:60a76c80-d399-11d9-b93C-0003939e0af6</id>
	<entry>
		<title>Nick sets assignment</title>
		<link>www.cs.adelaide.edu.au/users/third/ds/</link>
		<id>urn:uuid:1225c695-cfb8-4ebb-aaaa-80da344efa6a</id>
		<updated>2015-08-07T18:30:02Z</updated>
		<summary>here is some plain text. Because I'm not completely evil, you can assume that this will always be less than 1000 characters. And, as I've said before, it will always be plain text.</summary>
	</entry>
	<entry>
		<title>second feed entry</title>
		<link>www.cs.adelaide.edu.au/users/third/ds/14ds2s1</link>
		<id>urn:uuid:1225c695-cfb8-4ebb-aaaa-80da344efa6b</id>
		<updated>2015-08-07T18:29:02Z</updated>
		<summary>here's another summary entry which a reader would normally use to work out if they wanted to read some more. It's quite handy.</summary>
	</entry>
</feed>
127.0.0.1
51000
37505
24
<feed xml:lang="en-US" xmlns="http://www.w3.org/2005/Atom">
	<title>My example feed</title>
	<subtitle>for demonstration purposes</subtitle>
	<link>www.cs.adelaide.edu.au</link>
	<updated>2015-08-07T18:30:02Z</updated>
	<author>
		<name>Santa Claus</name>
	</author>
	<id>urn::uuid:60a76c80-d399-11d9-b93C-0003939e0af6</id>
	<entry>
		<title>Nick sets assignment</title>
		<link>www.cs.adelaide.edu.au/users/third/ds/</link>
		<id>urn:uuid:1225c695-cfb8-4ebb-aaaa-80da344efa6a</id>
		<updated>2015-08-07T18:30:02Z</updated>
		<summary>here is some plain text. Because I'm not completely evil, you can assume that this will always be less than 1000 characters. And, as I've said before, it will always be plain text.</summary>
	</entry>
	<entry>
		<title>second feed entry</title>
		<link>www.cs.adelaide.edu.au/users/third/ds/14ds2s1</link>
		<id>urn:uuid:1225c695-cfb8-4ebb-aaaa-80da344efa6b</id>
		<updated>2015-08-07T18:29:02Z</updated>
		<summary>here's another summary entry which a reader would normally use to work out if they wanted to read some more. It's quite handy.</summary>
	</entry>
</feed>
127.0.0.1
51514
38693
24
<feed xml:lang="en-US" xmlns="http://www.w3.org/2005/Atom">
	<title>My example feed</title>
	<subtitle>for demonstration purposes</subtitle>
	<link>www.cs.adelaide.edu.au</link>
	<updated>2015-08-07T18:30:02Z</updated>
	<author>
		<name>Santa Claus</name>
	</author>
	<id>urn::uuid:60a76c80-d399-11d9-b93C-0003939e0af6</id>
	<entry>
		<title>Nick sets assignment</title>
		<link>www.cs.adelaide.edu.au/users/third/ds/</link>
		<id>urn:uuid:1225c695-cfb8-4ebb-aaaa-80da344efa6a</id>
		<updated>2015-08-07T18:30:02Z</updated>
		<summary>here is some plain text. Because I'm not completely evil, you can assume that this will always be less than 1000 characters. And, as I've said before, it will always be plain text.</summary>
	</entry>
	<entry>
		<title>second feed entry</title>
		<link>www.cs.adelaide.edu.au/users/third/ds/14ds2s1</link>
		<id>urn:uuid:1225c695-cfb8-4ebb-aaaa-80da344efa6b</id>
		<updated>2015-08-07T18:29:02Z</updated>
		<summary>here's another summary entry which a reader would normally use to work out if they wanted to read some more. It's quite handy.</summary>
	</entry>
</feed>
127.0.0.1
51006
33303
24
<feed xml:lang="en-US" xmlns="http://www.w3.org/2005/Atom">
	<title>My example feed</title>
	<subtitle>for demonstration purposes</subtitle>
	<link>www.cs.adelaide.edu.au</link>
	<updated>2015-08-07T18:30:02Z</updated>
	<author>
		<name>Santa Claus</name>
	</author>
	<id>urn::uuid:60a76c80-d399-11d9-b93C-0003939e0af6</id>
	<entry>
		<title>Nick sets assignment</title>
		<link>www.cs.adelaide.edu.au/users/third/ds/</link>
		<id>urn:uuid:1225c695-cfb8-4ebb-aaaa-80da344efa6a</id>
		<updated>2015-08-07T18:30:02Z</updated>
		<summary>here is some plain text. Because I'm not completely evil, you can assume that this will always be less than 1000 characters. And, as I've said before, it will always be plain text.</summary>
	</entry>
	<entry>
		<title>second feed entry</title>
		<link>www.cs.adelaide.edu.au/users/third/ds/14ds2s1</link>
		<id>urn:uuid:1225c695-cfb8-4ebb-aaaa-80da344efa6b</id>
		<updated>2015-08-07T18:29:02Z</updated>
		<summary>here's another summary entry which a reader would normally use to work out if they wanted to read some more. It's quite handy.</summary>
	</entry>
</feed>
127.0.0.1
51008
36311
24
<feed xml:lang="en-US" xmlns="http://www.w3.org/2005/Atom">
	<title>My example feed</title>
	<subtitle>for demonstration purposes</subtitle>
	<link>www.cs.adelaide.edu.au</link>
	<updated>2015-08-07T18:30:02Z</updated>
	<author>
		<name>Santa Claus</name>
	</author>
	<id>urn::uuid:60a76c80-d399-11d9-b93C-0003939e0af6</id>
	<entry>
		<title>Nick sets assignment</title>
		<link>www.cs.adelaide.edu.au/users/third/ds/</link>
		<id>urn:uuid:1225c695-cfb8-4ebb-aaaa-80da344efa6a</id>
		<updated>2015-08-07T18:30:02Z</updated>
		<summary>here is some plain text. Because I'm not completely evil, you can assume that this will always be less than 1000 characters. And, as I've said before, it will always be plain text.</summary>
	</entry>
	<entry>
		<title>second feed entry</title>
		<link>www.cs.adelaide.edu.au/users/third/ds/14ds2s1</link>
		<id>urn:uuid:1225c695-cfb8-4ebb-aaaa-80da344efa6b</id>
		<updated>2015-08-07T18:29:02Z</updated>
		<summary>here's another summary entry which a reader would normally use to work out if they wanted to read some more. It's quite handy.</summary>
	</entry>
</feed>
127.0.0.1
51648
36215
24
<feed xml:lang="en-US" xmlns="http://www.w3.org/2005/Atom">
	<title>My example feed</title>
	<subtitle>for demonstration purposes</subtitle>
	<link>www.cs.adelaide.edu.au</link>
	<updated>2015-08-07T18:30:02Z</updated>
	<author>
		<name>Santa Claus</name>
	</author>
	<id>urn::uuid:60a76c80-d399-11d9-b93C-0003939e0af6</id>
	<entry>
		<title>Nick sets assignment</title>
		<link>www.cs.adelaide.edu.au/users/third/ds/</link>
		<id>urn:uuid:1225c695-cfb8-4ebb-aaaa-80da344efa6a</id>
		<updated>2015-08-07T18:30:02Z</updated>
		<summary>here is some plain text. Because I'm not completely evil, you can assume that this will always be less than 1000 characters. And, as I've said before, it will always be plain text.</summary>
	</entry>
	<entry>
		<title>second feed entry</title>
		<link>www.cs.adelaide.edu.au/users/third/ds/14ds2s1</link>
		<id>urn:uuid:1225c695-cfb8-4ebb-aaaa-80da344efa6b</id>
		<updated>2015-08-07T18:29:02Z</updated>
		<summary>here's another summary entry which a reader would normally use to work out if they wanted to read some more. It's quite handy.</summary>
	</entry>
</feed>
127.0.0.1
51524
35165
24
<feed xml:lang="en-US" xmlns="http://www.w3.org/2005/Atom">
	<title>My example feed</title>
	<subtitle>for demonstration purposes</subtitle>
	<link>www.cs.adelaide.edu.au</link>
	<updated>2015-08-07T18:30:02Z</updated>
	<author>
		<name>Santa Claus</name>
	</author>
	<id>urn::uuid:60a76c80-d399-11d9-b93C-0003939e0af6</id>
	<entry>
		<title>Nick sets assignment</title>
		<link>www.cs.adelaide.edu.au/users/third/ds/</link>
		<id>urn:uuid:1225c695-cfb8-4ebb-aaaa-80da344efa6a</id>
		<updated>2015-08-07T18:30:02Z</updated>
		<summary>here is some plain text. Because I'm not completely evil, you can assume that this will always be less than 1000 characters. And, as I've said before, it will always be plain text.</summary>
	</entry>
	<entry>
		<title>second feed entry</title>
		<link>www.cs.adelaide.edu.au/users/third/ds/14ds2s1</link>
		<id>urn:uuid:1225c695-cfb8-4ebb-aaaa-80da344efa6b</id>
		<updated>2015-08-07T18:29:02Z</updated>
		<summary>here's another summary entry which a reader would normally use to work out if they wanted to read some more. It's quite handy.</summary>
	</entry>
</feed>
127.0.0.1
51534
36961
24
<feed xml:lang="en-US" xmlns="http://www.w3.org/2005/Atom">
	<title>My example feed</title>
	<subtitle>for demonstration purposes</subtitle>
	<link>www.cs.adelaide.edu.au</link>
	<updated>2015-08-07T18:30:02Z</updated>
	<author>
		<name>Santa Claus</name>
	</author>
	<id>urn::uuid:60a76c80-d399-11d9-b93C-0003939e0af6</id>
	<entry>
		<title>Nick sets assignment</title>
		<link>www.cs.adelaide.edu.au/users/third/ds/</link>
		<id>urn:uuid:1225c695-cfb8-4ebb-aaaa-80da344efa6a</id>
		<updated>2015-08-07T18:30:02Z</updated>
		<summary>here is some plain text. Because I'm not completely evil, you can assume that this will always be less than 1000 characters. And, as I've said before, it will always be plain text.</summary>
	</entry>
	<entry>
		<title>second feed entry</title>
		<link>www.cs.adelaide.edu.au/users/third/ds/14ds2s1</link>
		<id>urn:uuid:1225c695-cfb8-4ebb-aaaa-80da344efa6b</id>
		<updated>2015-08-07T18:29:02Z</updated>
		<summary>here's another summary entry which a reader would normally use to work out if they wanted to read some more. It's quite handy.</summary>
	</entry>
</feed>
127.0.0.1
51668
35279
24
<feed xml:lang="en-US" xmlns="http://www.w3.org/2005/Atom">
	<title>My example feed</title>
	<subtitle>for demonstration purposes</subtitle>
	<link>www.cs.adelaide.edu.au</link>
	<updated>2015-08-07T18:30:02Z</updated>
	<author>
		<name>Santa Claus</name>
	</author>
	<id>urn::uuid:60a76c80-d399-11d9-b93C-0003939e0af6</id>
	<entry>
		<title>Nick sets assignment</title>
		<link>www.cs.adelaide.edu.au/users/third/ds/</link>
		<id>urn:uuid:1225c695-cfb8-4ebb-aaaa-80da344efa6a</id>
		<updated>2015-08-07T18:30:02Z</updated>
		<summary>here is some plain text. Because I'm not completely evil, you can assume that this will always be less than 1000 characters. And, as I've said before, it will always be plain text.</summary>
	</entry>
	<entry>
		<title>second feed entry</title>
		<link>www.cs.adelaide.edu.au/users/third/ds/14ds2s1</link>
		<id>urn:uuid:1225c695-cfb8-4ebb-aaaa-80da344efa6b</id>
		<updated>2015-08-07T18:29:02Z</updated>
		<summary>here's another summary entry which a reader would normally use to work out if they wanted to read some more. It's quite handy.</summary>
	</entry>
</feed>
127.0.0.1
51542
43427
24
<feed xml:lang="en-US" xmlns="http://www.w3.org/2005/Atom">
	<title>My example feed</title>
	<subtitle>for demonstration purposes</subtitle>
	<link>www.cs.adelaide.edu.au</link>
	<updated>2015-08-07T18:30:02Z</updated>
	<author>
		<name>Santa Claus</name>
	</author>
	<id>urn::uuid:60a76c80-d399-11d9-b93C-0003939e0af6</id>
	<entry>
		<title>Nick sets assignment</title>
		<link>www.cs.adelaide.edu.au/users/third/ds/</link>
		<id>urn:uuid:1225c695-cfb8-4ebb-aaaa-80da344efa6a</id>
		<updated>2015-08-07T18:30:02Z</updated>
		<summary>here is some plain text. Because I'm not completely evil, you can assume that this will always be less than 1000 characters. And, as I've said before, it will always be plain text.</summary>
	</entry>
	<entry>
		<title>second feed entry</title>
		<link>www.cs.adelaide.edu.au/users/third/ds/14ds2s1</link>
		<id>urn:uuid:1225c695-cfb8-4ebb-aaaa-80da344efa6b</id>
		<updated>2015-08-07T18:29:02Z</updated>
		<summary>here's another summary entry which a reader would normally use to work out if they wanted to read some more. It's quite handy.</summary>
	</entry>
</feed>
127.0.0.1
51046
37131
24
<feed xml:lang="en-US" xmlns="http://www.w3.org/2005/Atom">
	<title>My example feed</title>
	<subtitle>for demonstration purposes</subtitle>
	<link>www.cs.adelaide.edu.au</link>
	<updated>2015-08-07T18:30:02Z</updated>
	<author>
		<name>Santa Claus</name>
	</author>
	<id>urn::uuid:60a76c80-d399-11d9-b93C-0003939e0af6</id>
	<entry>
		<title>Nick sets assignment</title>
		<link>www.cs.adelaide.edu.au/users/third/ds/</link>
		<id>urn:uuid:1225c695-cfb8-4ebb-aaaa-80da344efa6a</id>
		<updated>2015-08-07T18:30:02Z</updated>
		<summary>here is some plain text. Because I'm not completely evil, you can assume that this will always be less than 1000 characters. And, as I've said before, it will always be plain text.</summary>
	</entry>
	<entry>
		<title>second feed entry</title>
		<link>www.cs.adelaide.edu.au/users/third/ds/14ds2s1</link>
		<id>urn:uuid:1225c695-cfb8-4ebb-aaaa-80da344efa6b</id>
		<updated>2015-08-07T18:29:02Z</updated>
		<summary>here's another summary entry which a reader would normally use to work out if they wanted to read some more. It's quite handy.</summary>
	</entry>
</feed>
127.0.0.1
50792
36087
24
<feed xml:lang="en-US" xmlns="http://www.w3.org/2005/Atom">
	<title>My example feed</title>
	<subtitle>for demonstration purposes</subtitle>
	<link>www.cs.adelaide.edu.au</link>
	<updated>2015-08-07T18:30:02Z</updated>
	<author>
		<name>Santa Claus</name>
	</author>
	<id>urn::uuid:60a76c80-d399-11d9-b93C-0003939e0af6</id>
	<entry>
		<title>Nick sets assignment</title>
		<link>www.cs.adelaide.edu.au/users/third/ds/</link>
		<id>urn:uuid:1225c695-cfb8-4ebb-aaaa-80da344efa6a</id>
		<updated>2015-08-07T18:30:02Z</updated>
		<summary>here is some plain text. Because I'm not completely evil, you can assume that this will always be less than 1000 characters. And, as I've said before, it will always be plain text.</summary>
	</entry>
	<entry>
		<title>second feed entry</title>
		<link>www.cs.adelaide.edu.au/users/third/ds/14ds2s1</link>
		<id>urn:uuid:1225c695-cfb8-4ebb-aaaa-80da344efa6b</id>
		<updated>2015-08-07T18:29:02Z</updated>
		<summary>here's another summary entry which a reader would normally use to work out if they wanted to read some more. It's quite handy.</summary>
	</entry>
</feed>
127.0.0.1
50796
44127
24
<feed xml:lang="en-US" xmlns="http://www.w3.org/2005/Atom">
	<title>My example feed</title>
	<subtitle>for demonstration purposes</subtitle>
	<link>www.cs.adelaide.edu.au</link>
	<updated>2015-08-07T18:30:02Z</updated>
	<author>
		<name>Santa Claus</name>
	</author>
	<id>urn::uuid:60a76c80-d399-11d9-b93C-0003939e0af6</id>
	<entry>
		<title>Nick sets assignment</title>
		<link>www.cs.adelaide.edu.au/users/third/ds/</link>
		<id>urn:uuid:1225c695-cfb8-4ebb-aaaa-80da344efa6a</id>
		<updated>2015-08-07T18:30:02Z</updated>
		<summary>here is some plain text. Because I'm not completely evil, you can assume that this will always be less than 1000 characters. And, as I've said before, it will always be plain text.</summary>
	</entry>
	<entry>
		<title>second feed entry</title>
		<link>www.cs.adelaide.edu.au/users/third/ds/14ds2s1</link>
		<id>urn:uuid:1225c695-cfb8-4ebb-aaaa-80da344efa6b</id>
		<updated>2015-08-07T18:29:02Z</updated>
		<summary>here's another summary entry which a reader would normally use to work out if they wanted to read some more. It's quite handy.</summary>
	</entry>
</feed>
127.0.0.1
50926
34299
24
<feed xml:lang="en-US" xmlns="http://www.w3.org/2005/Atom">
	<title>My example feed</title>
	<subtitle>for demonstration purposes</subtitle>
	<link>www.cs.adelaide.edu.au</link>
	<updated>2015-08-07T18:30:02Z</updated>
	<author>
		<name>Santa Claus</name>
	</author>
	<id>urn::uuid:60a76c80-d399-11d9-b93C-0003939e0af6</id>
	<entry>
		<title>Nick sets assignment</title>
		<link>www.cs.adelaide.edu.au/users/third/ds/</link>
		<id>urn:uuid:1225c695-cfb8-4ebb-aaaa-80da344efa6a</id>
		<updated>2015-08-07T18:30:02Z</updated>
		<summary>here is some plain text. Because I'm not completely evil, you can assume that this will always be less than 1000 characters. And, as I've said before, it will always be plain text.</summary>
	</entry>
	<entry>
		<title>second feed entry</title>
		<link>www.cs.adelaide.edu.au/users/third/ds/14ds2s1</link>
		<id>urn:uuid:1225c695-cfb8-4ebb-aaaa-80da344efa6b</id>
		<updated>2015-08-07T18:29:02Z</updated>
		<summary>here's another summary entry which a reader would normally use to work out if they wanted to read some more. It's quite handy.</summary>
	</entry>
</feed>
127.0.0.1
51438
45365
24
<feed xml:lang="en-US" xmlns="http://www.w3.org/2005/Atom">
	<title>My example feed</title>
	<subtitle>for demonstration purposes</subtitle>
	<link>www.cs.adelaide.edu.au</link>
	<updated>2015-08-07T18:30:02Z</updated>
	<author>
		<name>Santa Claus</name>
	</author>
	<id>urn::uuid:60a76c80-d399-11d9-b93C-0003939e0af6</id>
	<entry>
		<title>Nick sets assignment</title>
		<link>www.cs.adelaide.edu.au/users/third/ds/</link>
		<id>urn:uuid:1225c695-cfb8-4ebb-aaaa-80da344efa6a</id>
		<updated>2015-08-07T18:30:02Z</updated>
		<summary>here is some plain text. Because I'm not completely evil, you can assume that this will always be less than 1000 characters. And, as I've said before, it will always be plain text.</summary>
	</entry>
	<entry>
		<title>second feed entry</title>
		<link>www.cs.adelaide.edu.au/users/third/ds/14ds2s1</link>
		<id>urn:uuid:1225c695-cfb8-4ebb-aaaa-80da344efa6b</id>
		<updated>2015-08-07T18:29:02Z</updated>
		<summary>here's another summary entry which a reader would normally use to work out if they wanted to read some more. It's quite handy.</summary>
	</entry>
</feed>
127.0.0.1
50802
33271
24
<feed xml:lang="en-US" xmlns="http://www.w3.org/2005/Atom">
	<title>My example feed</title>
	<subtitle>for demonstration purposes</subtitle>
	<link>www.cs.adelaide.edu.au</link>
	<updated>2015-08-07T18:30:02Z</updated>
	<author>
		<name>Santa Claus</name>
	</author>
	<id>urn::uuid:60a76c80-d399-11d9-b93C-0003939e0af6</id>
	<entry>
		<title>Nick sets assignment</title>
		<link>www.cs.adelaide.edu.au/users/third/ds/</link>
		<id>urn:uuid:1225c695-cfb8-4ebb-aaaa-80da344efa6a</id>
		<updated>2015-08-07T18:30:02Z</updated>
		<summary>here is some plain text. Because I'm not completely evil, you can assume that this will always be less than 1000 characters. And, as I've said before, it will always be plain text.</summary>
	</entry>
	<entry>
		<title>second feed entry</title>
		<link>www.cs.adelaide.edu.au/users/third/ds/14ds2s1</link>
		<id>urn:uuid:1225c695-cfb8-4ebb-aaaa-80da344efa6b</id>
		<updated>2015-08-07T18:29:02Z</updated>
		<summary>here's another summary entry which a reader would normally use to work out if they wanted to read some more. It's quite handy.</summary>
	</entry>
</feed>
127.0.0.1
50930
35531
24
<feed xml:lang="en-US" xmlns="http://www.w3.org/2005/Atom">
	<title>My example feed</title>
	<subtitle>for demonstration purposes</subtitle>
	<link>www.cs.adelaide.edu.au</link>
	<updated>2015-08-07T18:30:02Z</updated>
	<author>
		<name>Santa Claus</name>
	</author>
	<id>urn::uuid:60a76c80-d399-11d9-b93C-0003939e0af6</id>
	<entry>
		<title>Nick sets assignment</title>
		<link>www.cs.adelaide.edu.au/users/third/ds/</link>
		<id>urn:uuid:1225c695-cfb8-4ebb-aaaa-80da344efa6a</id>
		<updated>2015-08-07T18:30:02Z</updated>
		<summary>here is some plain text. Because I'm not completely evil, you can assume that this will always be less than 1000 characters. And, as I've said before, it will always be plain text.</summary>
	</entry>
	<entry>
		<title>second feed entry</title>
		<link>www.cs.adelaide.edu.au/users/third/ds/14ds2s1</link>
		<id>urn:uuid:1225c695-cfb8-4ebb-aaaa-80da344efa6b</id>
		<updated>2015-08-07T18:29:02Z</updated>
		<summary>here's another summary entry which a reader would normally use to work out if they wanted to read some more. It's quite handy.</summary>
	</entry>
</feed>
127.0.0.1
50932
45473
24
<feed xml:lang="en-US" xmlns="http://www.w3.org/2005/Atom">
	<title>My example feed</title>
	<subtitle>for demonstration purposes</subtitle>
	<link>www.cs.adelaide.edu.au</link>
	<updated>2015-08-07T18:30:02Z</updated>
	<author>
		<name>Santa Claus</name>
	</author>
	<id>urn::uuid:60a76c80-d399-11d9-b93C-0003939e0af6</id>
	<entry>
		<title>Nick sets assignment</title>
		<link>www.cs.adelaide.edu.au/users/third/ds/</link>
		<id>urn:uuid:1225c695-cfb8-4ebb-aaaa-80da344efa6a</id>
		<updated>2015-08-07T18:30:02Z</updated>
		<summary>here is some plain text. Because I'm not completely evil, you can assume that this will always be less than 1000 characters. And, as I've said before, it will always be plain text.</summary>
	</entry>
	<entry>
		<title>second feed entry</title>
		<link>www.cs.adelaide.edu.au/users/third/ds/14ds2s1</link>
		<id>urn:uuid:1225c695-cfb8-4ebb-aaaa-80da344efa6b</id>
		<updated>2015-08-07T18:29:02Z</updated>
		<summary>here's another summary entry which a reader would normally use to work out if they wanted to read some more. It's quite handy.</summary>
	</entry>
</feed>
127.0.0.1
51064
46837
24
<feed xml:lang="en-US" xmlns="http://www.w3.org/2005/Atom">
	<title>My example feed</title>
	<subtitle>for demonstration purposes</subtitle>
	<link>www.cs.adelaide.edu.au</link>
	<updated>2015-08-07T18:30:02Z</updated>
	<author>
		<name>Santa Claus</name>
	</author>
	<id>urn::uuid:60a76c80-d399-11d9-b93C-0003939e0af6</id>
	<entry>
		<title>Nick sets assignment</title>
		<link>www.cs.adelaide.edu.au/users/third/ds/</link>
		<id>urn:uuid:1225c695-cfb8-4ebb-aaaa-80da344efa6a</id>
		<updated>2015-08-07T18:30:02Z</updated>
		<summary>here is some plain text. Because I'm not completely evil, you can assume that this will always be less than 1000 characters. And, as I've said before, it will always be plain text.</summary>
	</entry>
	<entry>
		<title>second feed entry</title>
		<link>www.cs.adelaide.edu.au/users/third/ds/14ds2s1</link>
		<id>urn:uuid:1225c695-cfb8-4ebb-aaaa-80da344efa6b</id>
		<updated>2015-08-07T18:29:02Z</updated>
		<summary>here's another summary entry which a reader would normally use to work out if they wanted to read some more. It's quite handy.</summary>
	</entry>
</feed>
127.0.0.1
51448
38755
24
<feed xml:lang="en-US" xmlns="http://www.w3.org/2005/Atom">
	<title>My example feed</title>
	<subtitle>for demonstration purposes</subtitle>
	<link>www.cs.adelaide.edu.au</link>
	<updated>2015-08-07T18:30:02Z</updated>
	<author>
		<name>Santa Claus</name>
	</author>
	<id>urn::uuid:60a76c80-d399-11d9-b93C-0003939e0af6</id>
	<entry>
		<title>Nick sets assignment</title>
		<link>www.cs.adelaide.edu.au/users/third/ds/</link>
		<id>urn:uuid:1225c695-cfb8-4ebb-aaaa-80da344efa6a</id>
		<updated>2015-08-07T18:30:02Z</updated>
		<summary>here is some plain text. Because I'm not completely evil, you can assume that this will always be less than 1000 characters. And, as I've said before, it will always be plain text.</summary>
	</entry>
	<entry>
		<title>second feed entry</title>
		<link>www.cs.adelaide.edu.au/users/third/ds/14ds2s1</link>
		<id>urn:uuid:1225c695-cfb8-4ebb-aaaa-80da344efa6b</id>
		<updated>2015-08-07T18:29:02Z</updated>
		<summary>here's another summary entry which a reader would normally use to work out if they wanted to read some more. It's quite handy.</summary>
	</entry>
</feed>
127.0.0.1
50810
40593
24
<feed xml:lang="en-US" xmlns="http://www.w3.org/2005/Atom">
	<title>My example feed</title>
	<subtitle>for demonstration purposes</subtitle>
	<link>www.cs.adelaide.edu.au</link>
	<updated>2015-08-07T18:30:02Z</updated>
	<author>
		<name>Santa Claus</name>
	</author>
	<id>urn::uuid:60a76c80-d399-11d9-b93C-0003939e0af6</id>
	<entry>
		<title>Nick sets assignment</title>
		<link>www.cs.adelaide.edu.au/users/third/ds/</link>
		<id>urn:uuid:1225c695-cfb8-4ebb-aaaa-80da344efa6a</id>
		<updated>2015-08-07T18:30:02Z</updated>
		<summary>here is some plain text. Because I'm not completely evil, you can assume that this will always be less than 1000 characters. And, as I've said before, it will always be plain text.</summary>
	</entry>
	<entry>
		<title>second feed entry</title>
		<link>www.cs.adelaide.edu.au/users/third/ds/14ds2s1</link>
		<id>urn:uuid:1225c695-cfb8-4ebb-aaaa-80da344efa6b</id>
		<updated>2015-08-07T18:29:02Z</updated>
		<summary>here's another summary entry which a reader would normally use to work out if they wanted to read some more. It's quite handy.</summary>
	</entry>
</feed>
127.0.0.1
51450
37105
24
<feed xml:lang="en-US" xmlns="http://www.w3.org/2005/Atom">
	<title>My example feed</title>
	<subtitle>for demonstration purposes</subtitle>
	<link>www.cs.adelaide.edu.au</link>
	<updated>2015-08-07T18:30:02Z</updated>
	<author>
		<name>Santa Claus</name>
	</author>
	<id>urn::uuid:60a76c80-d399-11d9-b93C-0003939e0af6</id>
	<entry>
		<title>Nick sets assignment</title>
		<link>www.cs.adelaide.edu.au/users/third/ds/</link>
		<id>urn:uuid:1225c695-cfb8-4ebb-aaaa-80da344efa6a</id>
		<updated>2015-08-07T18:30:02Z</updated>
		<summary>here is some plain text. Because I'm not completely evil, you can assume that this will always be less than 1000 characters. And, as I've said before, it will always be plain text.</summary>
	</entry>
	<entry>
		<title>second feed entry</title>
		<link>www.cs.adelaide.edu.au/users/third/ds/14ds2s1</link>
		<id>urn:uuid:1225c695-cfb8-4ebb-aaaa-80da344efa6b</id>
		<updated>2015-08-07T18:29:02Z</updated>
		<summary>here's another summary entry which a reader would normally use to work out if they wanted to read some more. It's quite handy.</summary>
	</entry>
</feed>
127.0.0.1
51452
43469
24
<feed xml:lang="en-US" xmlns="http://www.w3.org/2005/Atom">
	<title>My example feed</title>
	<subtitle>for demonstration purposes</subtitle>
	<link>www.cs.adelaide.edu.au</link>
	<updated>2015-08-07T18:30:02Z</updated>
	<author>
		<name>Santa Claus</name>
	</author>
	<id>urn::uuid:60a76c80-d399-11d9-b93C-0003939e0af6</id>
	<entry>
		<title>Nick sets assignment</title>
		<link>www.cs.adelaide.edu.au/users/third/ds/</link>
		<id>urn:uuid:1225c695-cfb8-4ebb-aaaa-80da344efa6a</id>
		<updated>2015-08-07T18:30:02Z</updated>
		<summary>here is some plain text. Because I'm not completely evil, you can assume that this will always be less than 1000 characters. And, as I've said before, it will always be plain text.</summary>
	</entry>
	<entry>
		<title>second feed entry</title>
		<link>www.cs.adelaide.edu.au/users/third/ds/14ds2s1</link>
		<id>urn:uuid:1225c695-cfb8-4ebb-aaaa-80da344efa6b</id>
		<updated>2015-08-07T18:29:02Z</updated>
		<summary>here's another summary entry which a reader would normally use to work out if they wanted to read some more. It's quite handy.</summary>
	</entry>
</feed>
127.0.0.1
50942
36245
24
<feed xml:lang="en-US" xmlns="http://www.w3.org/2005/Atom">
	<title>My example feed</title>
	<subtitle>for demonstration purposes</subtitle>
	<link>www.cs.adelaide.edu.au</link>
	<updated>2015-08-07T18:30:02Z</updated>
	<author>
		<name>Santa Claus</name>
	</author>
	<id>urn::uuid:60a76c80-d399-11d9-b93C-0003939e0af6</id>
	<entry>
		<title>Nick sets assignment</title>
		<link>www.cs.adelaide.edu.au/users/third/ds/</link>
		<id>urn:uuid:1225c695-cfb8-4ebb-aaaa-80da344efa6a</id>
		<updated>2015-08-07T18:30:02Z</updated>
		<summary>here is some plain text. Because I'm not completely evil, you can assume that this will always be less than 1000 characters. And, as I've said before, it will always be plain text.</summary>
	</entry>
	<entry>
		<title>second feed entry</title>
		<link>www.cs.adelaide.edu.au/users/third/ds/14ds2s1</link>
		<id>urn:uuid:1225c695-cfb8-4ebb-aaaa-80da344efa6b</id>
		<updated>2015-08-07T18:29:02Z</updated>
		<summary>here's another summary entry which a reader would normally use to work out if they wanted to read some more. It's quite handy.</summary>
	</entry>
</feed>
127.0.0.1
51070
42877
24
<feed xml:lang="en-US" xmlns="http://www.w3.org/2005/Atom">
	<title>My example feed</title>
	<subtitle>for demonstration purposes</subtitle>
	<link>www.cs.adelaide.edu.au</link>
	<updated>2015-08-07T18:30:02Z</updated>
	<author>
		<name>Santa Claus</name>
	</author>
	<id>urn::uuid:60a76c80-d399-11d9-b93C-0003939e0af6</id>
	<entry>
		<title>Nick sets assignment</title>
		<link>www.cs.adelaide.edu.au/users/third/ds/</link>
		<id>urn:uuid:1225c695-cfb8-4ebb-aaaa-80da344efa6a</id>
		<updated>2015-08-07T18:30:02Z</updated>
		<summary>here is some plain text. Because I'm not completely evil, you can assume that this will always be less than 1000 characters. And, as I've said before, it will always be plain text.</summary>
	</entry>
	<entry>
		<title>second feed entry</title>
		<link>www.cs.adelaide.edu.au/users/third/ds/14ds2s1</link>
		<id>urn:uuid:1225c695-cfb8-4ebb-aaaa-80da344efa6b</id>
		<updated>2015-08-07T18:29:02Z</updated>
		<summary>here's another summary entry which a reader would normally use to work out if they wanted to read some more. It's quite handy.</summary>
	</entry>
</feed>
9 4
