270
138
261
377
16
110
395
650
514
390
473
160
512
386
385
517
379
637
385
385
885
384
631
507
888
384
508
381
382
1014
377
381
632
382
381
384
378
381
380
381
381
633
380
803
381
382
381
383
635
178
330
301
955
386
381
381
380
757
630
630
1514
379
560
452
379
631
631
380
758
629
505
793
89
381
787
220
537
95
380
506
629
379
1135
379
1191
381
381
685
70
435
195
184
193
187
195
378
505
756
303
630
415
754
505
883
656
326
621
382
420
376
860
643
523
107
398
382
227
508
503
380
505
777
102
630
379
1274
388
221
380
627
504
379
508
502
381
380
505
505
379
379
505
506
380
377
505
630
742
387
368
380
379
630
630
380
883
629
380
505
378
505
379
379
989
630
379
379
1258
380
381
379
757
1009
1507
630
381
757
379
506
1005
382
628
353
380
147
381
481
272
232
523
231
379
381
1133
521
357
759
628
380
505
506
382
377
381
505
888
753
380
380
381
1001
383
377
380
505
381
382
379
505
880
380
506
882
505
380
379
380
507
1005
381
503
632
754
380
754
380
380
380
380
504
629
383
381
882
389
506
409
632
503
630
630
503
381
1139
761
385
626
630
774
863
633
381
511
631
504
381
640
524
505
379
379
630
381
625
758
378
505
395
756
393
504
380
1006
389
404
7
378
378
379
379
393
536
400
404
364
380
506
628
639
419
363
393
512
504
505
504
387
495
641
505
881
766
380
505
640
519
507
383
380
380
878
880
379
379
379
629
754
379
1008
513
387
755
504
380
754
504
1015
388
505
1019
1141
378
381
629
379
629
755
379
631
879
379
504
504
629
630
504
379
379
757
377
380
629
380
504
379
1129
504
879
379
379
755
505
630
381
1006
504
378
505
504
378
378
880
379
379
379
1384
378
505
378
1007
503
381
378
384
499
379
504
379
507
1254
504
381
378
380
379
502
880
378
504
381
630
1004
505
629
504
630
379
504
503
880
878
377
380
393
506
378
506
509
505
377
391
379
379
378
380
378
381
377
658
516
505
1020
393
379
378
521
501
379
1129
379
513
388
504
630
380
503
515
379
379
504
1132
1514
639
512
754
381
378
633
629
380
379
504
389
379
893
516
380
630
379
629
389
389
392
1051
379
754
880
1385
506
754
378
395
1132
388
644
379
390
1005
503
882
389
393
379
893
505
762
392
630
379
630
504
379
504
378
379
630
381
389
513
892
380
380
503
755
881
756
633
627
381
378
764
380
879
379
514
507
1013
388
380
753
504
880
519
379
505
388
754
379
504
505
503
1257
504
1255
381
378
628
379
379
504
1006
1382
379
379
629
379
379
756
882
379
628
756
8
379
380
378
756
629
379
379
504
504
1257
505
502
379
472
333
45
754
379
378
1028
480
504
379
503
380
380
879
504
379
381
504
507
630
377
631
504
503
390
629
650
502
233
146
233
271
734
389
504
379
203
176
379
328
175
629
123
76
504
804
201
303
326
304
75
304
505
378
629
629
78
323
378
379
630
379
314
452
53
766
408
630
629
504
382
377
503
505
381
377
639
505
379
388
629
503
630
378
629
378
628
379
504
391
755
629
389
1383
629
379
379
378
757
379
1634
378
504
517
505
378
504
382
377
378
378
766
387
754
504
389
378
390
380
505
639
516
461
391
28
350
167
213
402
12
993
13
490
1005
152
380
109
378
265
364
15
364
25
379
737
156
505
504
391
388
892
504
504
879
754
756
378
505
379
378
287
470
378
379
378
380
379
518
379
33
732
