265
134
261
381
12
111
393
644
521
389
474
161
511
386
384
518
380
633
387
386
883
384
635
505
889
385
508
382
380
1010
383
380
631
383
386
378
378
380
380
384
379
633
380
802
383
380
382
383
633
178
329
301
955
386
381
382
379
757
630
631
1512
379
561
451
379
630
631
380
758
630
506
794
88
380
788
220
537
95
379
506
631
378
1133
379
1192
382
380
687
70
434
195
185
193
187
194
379
506
757
301
633
413
755
505
883
656
325
622
382
419
377
860
643
524
113
393
381
228
507
504
381
504
775
105
630
380
1273
386
222
382
627
503
381
507
503
380
379
506
504
380
380
507
505
381
377
505
629
741
389
367
380
381
630
629
380
880
630
381
504
379
505
380
380
988
630
378
379
1258
381
381
380
758
1007
1507
629
381
756
381
504
1005
382
628
354
380
146
381
481
272
231
522
232
379
381
1132
522
357
757
630
379
505
506
380
380
380
505
888
753
380
380
380
1003
381
377
380
505
381
381
379
506
880
380
505
882
505
379
379
380
505
1007
380
504
632
756
377
755
381
378
380
380
504
630
383
381
881
389
505
410
631
504
631
630
504
380
1139
761
385
628
628
774
864
632
379
525
619
506
379
640
525
505
379
378
630
378
630
756
390
494
394
757
394
504
378
1007
389
403
6
380
379
380
378
394
536
400
403
364
381
505
628
639
419
364
393
511
505
504
505
386
496
641
505
881
766
380
504
639
521
506
380
380
380
879
880
379
380
378
629
755
379
1007
513
388
754
504
380
754
504
1016
388
505
1021
1138
379
380
629
378
629
756
380
630
879
380
503
504
630
628
506
378
379
756
378
379
629
379
504
380
1129
504
879
380
379
754
505
629
380
1008
504
378
504
504
379
379
878
379
379
380
1384
379
504
379
1006
503
381
379
384
499
379
504
379
507
1256
503
380
379
379
378
504
880
379
503
381
630
1005
504
629
503
630
378
505
503
879
879
386
371
394
505
380
504
511
505
376
390
379
379
379
379
394
363
380
658
516
505
1030
396
365
378
521
502
378
1130
378
513
388
505
629
380
503
516
378
380
503
1132
1514
641
512
754
381
378
634
629
378
380
503
390
379
903
506
379
631
378
628
390
389
392
1066
365
754
880
1393
497
755
392
392
1120
389
644
379
389
1005
507
878
389
392
380
892
504
763
392
630
379
630
504
378
504
379
378
631
379
389
512
892
380
380
504
754
882
757
632
628
380
378
764
379
881
378
514
508
1012
390
377
755
503
880
519
379
505
388
755
377
504
504
504
1256
505
1254
382
378
629
378
380
504
1007
1381
379
378
629
379
378
756
882
379
628
756
7
380
378
380
756
629
379
379
504
505
1256
504
503
378
471
334
45
754
380
378
1028
481
503
379
504
378
380
880
504
379
380
505
506
629
379
629
504
505
389
630
648
504
232
147
231
272
734
390
504
378
202
176
379
328
176
629
123
76
504
803
202
303
326
304
75
303
506
378
629
629
78
322
379
379
629
379
315
452
52
768
407
630
630
503
384
376
504
503
380
379
638
505
379
387
629
505
628
379
629
378
629
379
504
392
754
630
389
1383
628
380
378
380
756
378
1634
379
504
517
504
379
503
389
370
379
378
767
386
755
504
390
377
391
395
490
638
517
461
391
27
352
164
215
402
12
993
13
491
1003
152
380
110
379
265
364
15
364
25
378
737
157
504
505
391
387
892
505
504
879
754
755
379
505
378
379
289
468
378
379
379
379
379
519
379
32
733
