272
134
262
383
11
111
394
647
518
389
475
160
509
389
383
517
378
634
386
384
886
382
634
508
888
387
507
383
380
1010
380
382
631
381
387
376
380
381
380
385
379
632
379
803
380
383
381
385
633
178
330
300
956
385
381
380
381
757
630
631
1511
381
561
450
379
632
631
380
758
629
506
794
88
381
788
221
536
95
380
506
631
378
1133
381
1191
381
380
687
70
435
194
186
192
188
194
379
505
756
303
631
415
760
500
882
657
325
621
381
419
376
861
642
525
107
399
381
228
506
504
380
505
774
109
626
380
1273
385
222
382
627
503
380
507
503
381
380
506
504
380
379
507
505
381
377
505
630
741
388
368
381
380
629
631
379
881
630
381
504
378
506
379
379
989
632
378
379
1258
380
381
380
757
1007
1508
630
378
758
381
505
1005
381
629
353
381
146
383
479
272
233
522
231
379
381
1132
522
356
757
631
380
505
505
382
379
381
505
887
752
381
379
380
1004
382
378
379
506
380
383
379
505
881
379
506
883
504
379
380
379
505
1008
379
505
632
755
378
755
381
379
381
380
504
629
383
381
882
389
505
410
632
505
630
630
503
381
1139
761
385
626
628
775
863
631
380
524
620
505
379
656
509
506
378
380
629
381
627
757
389
495
394
757
393
503
379
1006
389
402
6
381
379
380
378
393
535
400
404
364
380
505
629
638
420
363
393
512
505
504
504
387
495
641
506
880
767
380
505
639
519
507
381
381
380
879
879
380
379
379
630
754
379
1008
513
387
755
504
379
755
505
1015
387
505
1020
1139
379
381
629
379
630
755
379
631
879
380
503
504
629
630
504
379
379
756
378
379
629
380
504
379
1128
505
879
379
379
754
505
629
380
1008
504
378
505
504
378
379
880
379
379
379
1384
380
504
378
1006
504
380
380
383
500
379
504
379
508
1255
503
381
379
379
378
504
880
379
503
381
631
1004
505
629
504
631
378
504
504
879
878
386
372
394
504
381
504
511
504
378
390
379
379
380
378
394
364
379
658
516
504
1030
396
380
364
521
501
379
1129
379
514
387
504
629
380
504
515
378
380
504
1131
1515
639
512
755
379
378
634
629
380
379
515
378
379
903
507
379
631
378
630
399
378
392
1065
365
754
880
1392
508
744
392
392
1121
388
644
380
389
1005
507
878
389
393
379
893
505
762
392
629
379
630
504
379
503
380
378
629
380
390
513
892
380
380
504
754
882
756
632
628
380
379
764
379
880
379
514
507
1013
389
378
754
504
880
519
379
505
389
753
379
504
504
504
1257
504
1255
381
379
629
378
379
504
1006
1382
379
379
629
379
379
756
882
379
628
756
7
380
379
380
756
629
379
379
504
504
1257
504
503
379
471
334
45
754
379
378
1029
480
504
379
503
379
380
879
504
379
381
504
507
628
379
629
504
505
389
630
648
504
232
147
232
272
734
390
504
378
203
176
379
327
176
630
122
77
503
804
201
303
326
304
75
304
504
379
628
630
77
323
378
379
630
379
315
451
52
768
408
629
630
503
396
363
512
496
379
379
639
505
380
388
628
504
638
370
629
379
628
380
503
392
754
629
389
1383
629
379
379
379
757
378
1634
379
504
517
505
379
503
389
370
379
378
766
388
754
505
389
379
389
395
490
639
516
461
391
28
349
166
215
401
15
991
13
491
1004
153
380
109
379
265
364
15
364
25
379
737
156
505
505
391
387
892
504
504
880
755
754
380
505
378
378
289
469
378
379
378
380
379
518
379
33
731
