280
135
264
382
10
113
392
645
520
390
474
160
509
387
385
516
378
634
386
384
888
380
635
508
889
385
508
383
381
1009
381
382
632
386
381
376
379
381
380
385
380
632
379
803
381
382
381
383
634
177
329
300
957
385
381
381
380
757
630
631
1513
380
562
448
380
631
631
379
758
630
506
794
88
381
788
220
537
95
380
506
631
378
1133
380
1192
381
381
688
68
435
194
185
192
188
193
379
505
755
304
629
416
754
505
883
657
323
622
382
420
375
862
642
525
106
399
381
227
507
504
381
504
774
109
627
380
1273
385
221
382
627
503
379
508
503
381
380
505
505
379
380
507
504
381
377
505
630
741
387
369
380
379
631
630
379
880
631
381
505
378
505
379
379
989
631
379
378
1259
380
381
379
757
1008
1509
630
378
758
380
505
1006
380
629
354
380
147
382
479
273
232
523
231
378
382
1132
521
357
757
630
380
505
506
382
378
381
505
888
753
381
379
379
1004
383
377
379
506
381
382
379
505
881
380
505
883
505
380
380
378
506
1007
380
505
631
755
378
756
380
380
380
381
503
630
382
382
881
390
504
411
631
506
629
629
504
381
1139
761
386
626
629
774
864
632
379
524
620
504
380
655
511
505
377
379
643
365
629
757
389
503
385
757
393
504
379
1007
389
403
6
380
380
380
378
393
536
400
403
365
380
505
628
638
421
362
393
511
505
505
504
386
496
641
505
881
780
366
505
639
520
507
380
379
381
879
879
380
380
380
628
753
379
1008
523
378
753
506
379
754
505
1015
388
504
1019
1144
374
382
629
379
630
755
379
630
879
380
503
504
630
629
505
379
379
755
379
379
629
380
504
379
1130
504
879
379
380
754
505
630
381
1007
504
377
505
504
379
379
879
379
379
380
1384
379
504
378
1007
504
379
380
383
500
380
504
379
507
1255
504
381
378
379
378
504
879
379
504
380
631
1005
504
629
505
629
379
504
504
879
879
385
372
393
504
381
505
510
504
377
390
380
379
379
379
394
363
379
659
516
504
1031
395
380
364
521
501
379
1128
379
513
388
505
629
380
503
516
378
379
504
1131
1515
640
513
753
380
379
633
630
378
381
514
379
378
903
506
379
631
379
629
399
388
383
1065
366
754
880
1393
507
744
392
392
1121
389
643
379
388
1005
507
878
390
392
379
894
504
763
392
630
379
630
504
379
503
379
379
629
379
392
512
892
380
380
504
767
870
756
642
618
380
379
765
378
881
378
514
515
1005
388
379
755
517
866
520
379
505
387
755
378
504
504
505
1256
508
1252
381
378
629
378
379
505
1006
1382
378
379
629
380
379
755
882
379
628
756
7
379
380
379
757
628
379
380
503
505
1256
504
504
378
471
334
45
754
379
379
1028
480
504
379
504
379
380
880
503
378
381
505
506
629
379
629
504
504
389
629
648
504
232
146
232
272
734
390
504
378
202
177
379
328
176
629
123
76
504
803
201
304
326
304
74
304
505
378
629
629
78
322
379
378
630
379
315
451
53
768
407
630
629
504
395
364
512
496
380
378
639
505
380
388
629
504
637
371
628
378
629
379
504
392
754
629
389
1383
630
379
378
380
756
379
1634
378
504
518
504
378
504
390
370
378
379
766
387
755
504
389
378
391
395
489
639
517
461
390
29
350
166
214
401
14
991
13
491
1004
152
380
109
379
264
363
14
365
25
378
736
157
505
504
390
387
892
504
515
869
755
755
379
505
378
379
287
470
378
379
379
379
380
518
378
33
732
