264
135
262
383
10
113
392
645
520
391
473
161
508
388
385
516
378
634
385
385
888
381
634
508
888
386
508
382
381
1009
380
383
633
385
381
377
379
382
380
385
381
631
379
802
381
382
381
384
634
177
330
301
957
385
381
380
381
756
631
630
1512
379
561
448
380
631
632
379
758
630
506
793
89
381
787
221
536
94
381
506
630
378
1132
381
1191
382
381
688
68
436
193
185
193
188
193
379
505
756
304
630
415
755
504
884
657
323
622
382
421
374
863
641
524
105
400
382
227
506
505
381
505
778
104
626
381
1272
385
221
382
628
502
380
507
503
381
379
506
505
378
380
508
504
381
377
505
630
742
388
368
380
380
630
631
379
880
630
382
505
378
505
379
378
989
631
380
378
1260
379
381
379
757
1007
1510
630
378
757
381
504
1006
380
629
353
380
147
380
481
272
232
523
232
378
381
1133
521
357
757
630
380
504
506
381
379
381
505
888
752
380
380
379
1004
383
377
379
506
380
383
379
505
881
379
505
884
504
379
380
379
505
1008
379
505
631
754
378
755
381
379
381
380
504
629
383
382
881
389
504
410
631
505
630
629
504
380
1140
760
386
626
629
774
863
632
380
524
620
505
379
654
511
505
378
379
643
366
628
758
390
502
386
757
393
504
379
1007
389
402
6
381
379
380
378
394
535
400
404
364
379
505
628
637
422
362
393
511
505
504
504
389
493
641
506
880
780
366
505
640
519
507
382
379
381
879
879
380
379
379
630
753
380
1008
522
377
754
505
379
755
504
1016
387
505
1020
1144
374
381
629
379
630
756
379
631
878
380
504
504
629
630
504
379
379
756
378
380
629
379
505
379
1129
505
879
379
379
755
505
630
380
1008
504
378
505
503
379
379
880
379
379
379
1384
380
504
378
1006
504
379
381
383
500
379
504
379
508
1254
504
381
379
378
378
505
880
378
504
381
630
1006
504
628
505
629
380
503
504
880
878
386
372
393
504
381
504
511
505
378
390
379
379
380
378
394
363
380
659
515
505
1030
396
380
364
521
501
379
1129
379
512
387
504
630
379
503
515
378
379
505
1130
1516
640
512
754
380
379
633
630
379
380
514
379
379
903
506
380
631
378
629
399
400
372
1065
365
754
879
1393
508
744
392
392
1121
388
644
380
388
1005
506
878
390
393
379
893
504
763
393
629
379
630
504
379
503
379
379
629
379
391
512
893
379
381
503
767
869
763
635
618
381
379
763
378
880
378
514
515
1006
388
379
754
517
867
519
379
505
388
754
379
503
504
505
1256
508
1252
381
378
629
378
380
504
1006
1382
378
379
630
379
379
755
882
378
629
756
7
380
379
379
757
629
379
379
503
504
1256
504
503
378
471
335
45
753
380
379
1027
480
505
379
503
379
380
879
504
379
381
504
506
629
379
629
504
505
389
629
649
504
232
147
231
273
734
390
504
378
203
176
379
328
176
630
122
76
504
803
200
304
326
304
74
305
504
379
629
629
78
322
378
379
630
379
314
452
52
768
407
630
630
504
395
363
513
495
380
378
640
505
380
387
630
503
638
370
629
379
628
379
504
392
754
630
388
1382
630
379
379
379
756
379
1634
379
504
517
505
378
504
389
370
379
378
766
388
754
504
390
378
390
395
490
638
517
461
391
28
350
166
222
394
15
990
28
475
1005
164
368
110
379
265
364
15
364
25
379
737
156
505
504
391
387
892
504
518
866
754
755
379
506
377
378
288
469
379
378
379
379
380
519
378
33
731
